0 info it worked if it ends with ok
1 verbose cli [ '/Users/alvarocbasanez/.nvm/versions/node/v6.11.0/bin/node',
1 verbose cli   '/Users/alvarocbasanez/.nvm/versions/node/v6.11.0/bin/npm',
1 verbose cli   'i',
1 verbose cli   './effcalculator/package.json' ]
2 info using npm@3.10.10
3 info using node@v6.11.0
4 silly loadCurrentTree Starting
5 silly install loadCurrentTree
6 silly install readLocalPackageData
7 silly fetchPackageMetaData ./effcalculator/package.json
8 silly fetchOtherPackageData ./effcalculator/package.json
9 silly cache add args [ './effcalculator/package.json', null ]
10 verbose cache add spec ./effcalculator/package.json
11 silly cache add parsed spec Result {
11 silly cache add   raw: './effcalculator/package.json',
11 silly cache add   scope: null,
11 silly cache add   escapedName: null,
11 silly cache add   name: null,
11 silly cache add   rawSpec: './effcalculator/package.json',
11 silly cache add   spec: '/Users/alvarocbasanez/workspace/efficiencycalculatorweb/effcalculator/package.json',
11 silly cache add   type: 'local' }
12 silly addLocalTarball shasum (computed) 983eef31a5451f394644aa3ffdee17371c75922a
13 verbose addTmpTarball /Users/alvarocbasanez/workspace/efficiencycalculatorweb/effcalculator/package.json not in flight; adding
14 verbose correctMkdir /Users/alvarocbasanez/.npm correctMkdir not in flight; initializing
15 verbose addTmpTarball validating metadata from /Users/alvarocbasanez/workspace/efficiencycalculatorweb/effcalculator/package.json
16 verbose tar unpack /Users/alvarocbasanez/workspace/efficiencycalculatorweb/effcalculator/package.json
17 verbose tar unpacking to /var/folders/mw/hkqxk_t51p51h8_rnqs77b7rlk2_zp/T/npm-81279-a76ba02f/unpack-0c3fcfcd
18 silly gentlyRm /var/folders/mw/hkqxk_t51p51h8_rnqs77b7rlk2_zp/T/npm-81279-a76ba02f/unpack-0c3fcfcd is being purged
19 verbose gentlyRm don't care about contents; nuking /var/folders/mw/hkqxk_t51p51h8_rnqs77b7rlk2_zp/T/npm-81279-a76ba02f/unpack-0c3fcfcd
20 silly gunzTarPerm modes [ '755', '644' ]
21 error not a package /Users/alvarocbasanez/workspace/efficiencycalculatorweb/effcalculator/package.json
22 error addLocal Could not install /Users/alvarocbasanez/workspace/efficiencycalculatorweb/effcalculator/package.json
23 silly fetchPackageMetaData Error: ENOENT: no such file or directory, open '/var/folders/mw/hkqxk_t51p51h8_rnqs77b7rlk2_zp/T/npm-81279-a76ba02f/unpack-0c3fcfcd/package.json'
23 silly fetchPackageMetaData     at Error (native)
23 silly fetchPackageMetaData  error for ./effcalculator/package.json { Error: ENOENT: no such file or directory, open '/var/folders/mw/hkqxk_t51p51h8_rnqs77b7rlk2_zp/T/npm-81279-a76ba02f/unpack-0c3fcfcd/package.json'
23 silly fetchPackageMetaData     at Error (native)
23 silly fetchPackageMetaData   errno: -2,
23 silly fetchPackageMetaData   code: 'ENOENT',
23 silly fetchPackageMetaData   syscall: 'open',
23 silly fetchPackageMetaData   path: '/var/folders/mw/hkqxk_t51p51h8_rnqs77b7rlk2_zp/T/npm-81279-a76ba02f/unpack-0c3fcfcd/package.json' }
24 silly rollbackFailedOptional Starting
25 silly rollbackFailedOptional Finishing
26 silly runTopLevelLifecycles Finishing
27 silly install printInstalled
28 verbose stack Error: ENOENT: no such file or directory, open '/var/folders/mw/hkqxk_t51p51h8_rnqs77b7rlk2_zp/T/npm-81279-a76ba02f/unpack-0c3fcfcd/package.json'
28 verbose stack     at Error (native)
29 verbose cwd /Users/alvarocbasanez/workspace/efficiencycalculatorweb
30 error Darwin 16.7.0
31 error argv "/Users/alvarocbasanez/.nvm/versions/node/v6.11.0/bin/node" "/Users/alvarocbasanez/.nvm/versions/node/v6.11.0/bin/npm" "i" "./effcalculator/package.json"
32 error node v6.11.0
33 error npm  v3.10.10
34 error path /var/folders/mw/hkqxk_t51p51h8_rnqs77b7rlk2_zp/T/npm-81279-a76ba02f/unpack-0c3fcfcd/package.json
35 error code ENOENT
36 error errno -2
37 error syscall open
38 error enoent ENOENT: no such file or directory, open '/var/folders/mw/hkqxk_t51p51h8_rnqs77b7rlk2_zp/T/npm-81279-a76ba02f/unpack-0c3fcfcd/package.json'
39 error enoent ENOENT: no such file or directory, open '/var/folders/mw/hkqxk_t51p51h8_rnqs77b7rlk2_zp/T/npm-81279-a76ba02f/unpack-0c3fcfcd/package.json'
39 error enoent This is most likely not a problem with npm itself
39 error enoent and is related to npm not being able to find a file.
40 verbose exit [ -2, true ]
