0 info it worked if it ends with ok
1 verbose cli [ '/Users/alvarocbasanez/.nvm/versions/node/v6.11.0/bin/node',
1 verbose cli   '/Users/alvarocbasanez/.nvm/versions/node/v6.11.0/bin/npm',
1 verbose cli   'run-script',
1 verbose cli   'build',
1 verbose cli   'webpack-watch' ]
2 info using npm@3.10.10
3 info using node@v6.11.0
4 verbose run-script [ 'prebuild', 'build', 'postbuild' ]
5 info lifecycle effdetectorcalculator@1.0.0~prebuild: effdetectorcalculator@1.0.0
6 silly lifecycle effdetectorcalculator@1.0.0~prebuild: no script for prebuild, continuing
7 info lifecycle effdetectorcalculator@1.0.0~build: effdetectorcalculator@1.0.0
8 verbose lifecycle effdetectorcalculator@1.0.0~build: unsafe-perm in lifecycle true
9 verbose lifecycle effdetectorcalculator@1.0.0~build: PATH: /Users/alvarocbasanez/.nvm/versions/node/v6.11.0/lib/node_modules/npm/bin/node-gyp-bin:/Users/alvarocbasanez/PycharmProjects/effDetectorWeb/effcalculator/node_modules/.bin:/Users/alvarocbasanez/.nvm/versions/node/v6.11.0/bin:/Users/alvarocbasanez/PycharmProjects/effDetectorWeb/ENV/bin:/usr/local/bin:/usr/bin:/bin:/usr/sbin:/sbin:/opt/X11/bin:/Library/TeX/texbin
10 verbose lifecycle effdetectorcalculator@1.0.0~build: CWD: /Users/alvarocbasanez/PycharmProjects/effDetectorWeb/effcalculator
11 silly lifecycle effdetectorcalculator@1.0.0~build: Args: [ '-c',
11 silly lifecycle   'webpack --config webpack.config.js --progress --colors "webpack-watch"' ]
12 silly lifecycle effdetectorcalculator@1.0.0~build: Returned: code: 2  signal: null
13 info lifecycle effdetectorcalculator@1.0.0~build: Failed to exec build script
14 verbose stack Error: effdetectorcalculator@1.0.0 build: `webpack --config webpack.config.js --progress --colors "webpack-watch"`
14 verbose stack Exit status 2
14 verbose stack     at EventEmitter.<anonymous> (/Users/alvarocbasanez/.nvm/versions/node/v6.11.0/lib/node_modules/npm/lib/utils/lifecycle.js:255:16)
14 verbose stack     at emitTwo (events.js:106:13)
14 verbose stack     at EventEmitter.emit (events.js:191:7)
14 verbose stack     at ChildProcess.<anonymous> (/Users/alvarocbasanez/.nvm/versions/node/v6.11.0/lib/node_modules/npm/lib/utils/spawn.js:40:14)
14 verbose stack     at emitTwo (events.js:106:13)
14 verbose stack     at ChildProcess.emit (events.js:191:7)
14 verbose stack     at maybeClose (internal/child_process.js:891:16)
14 verbose stack     at Process.ChildProcess._handle.onexit (internal/child_process.js:226:5)
15 verbose pkgid effdetectorcalculator@1.0.0
16 verbose cwd /Users/alvarocbasanez/PycharmProjects/effDetectorWeb/effcalculator
17 error Darwin 15.6.0
18 error argv "/Users/alvarocbasanez/.nvm/versions/node/v6.11.0/bin/node" "/Users/alvarocbasanez/.nvm/versions/node/v6.11.0/bin/npm" "run-script" "build" "webpack-watch"
19 error node v6.11.0
20 error npm  v3.10.10
21 error code ELIFECYCLE
22 error effdetectorcalculator@1.0.0 build: `webpack --config webpack.config.js --progress --colors "webpack-watch"`
22 error Exit status 2
23 error Failed at the effdetectorcalculator@1.0.0 build script 'webpack --config webpack.config.js --progress --colors "webpack-watch"'.
23 error Make sure you have the latest version of node.js and npm installed.
23 error If you do, this is most likely a problem with the effdetectorcalculator package,
23 error not with npm itself.
23 error Tell the author that this fails on your system:
23 error     webpack --config webpack.config.js --progress --colors "webpack-watch"
23 error You can get information on how to open an issue for this project with:
23 error     npm bugs effdetectorcalculator
23 error Or if that isn't available, you can get their info via:
23 error     npm owner ls effdetectorcalculator
23 error There is likely additional logging output above.
24 verbose exit [ 1, true ]
